1.0
261
225.609 48.4421 2.4864e-06 2.47773e-06 8.38866e-06
369.737 179.395 0.00166179 -0.000891821 0.00224071
206.091 214.897 0.00315525 0.00159254 0.00114076
206.268 214.188 0.00258897 0.0012689 0.000932432
201.531 213.34 0.000346566 0.00015521 0.000410659
160.089 341.925 0.0436099 0.00104624 0.00234119
159.904 341.83 0.0231125 0.000655688 0.00215338
160.852 336.989 0.00935166 0.00113741 0.00105136
165.323 338.81 0.0022283 -1.2683e-06 0.000894632
165.262 339.365 0.00200259 -1.63347e-05 0.000783046
164.112 338.404 0.00143358 3.47347e-05 0.000664052
360.723 199.23 0.0133914 -0.00437415 0.00200609
360.617 200.175 0.00719549 -0.00239269 0.00132674
119.861 269.221 0.00402962 -0.0041254 0.0231585
280.192 290.141 0.00557736 -0.0118473 0.0828933
117.216 306.784 0.019114 0.00425443 0.00261849
243.379 319.828 0.0373756 1.16926e-05 0.00160426
132.084 338.188 0.0433914 0.000412597 0.00208641
137.109 334.876 0.00228714 -2.16127e-05 0.000894461
137.054 335.277 0.00201519 -1.42146e-05 0.000797182
136.214 333.999 0.00152593 -4.12437e-06 0.000645944
161.68 274.172 0.00319998 -0.0101962 0.0553828
210.654 281.054 0.00278708 -0.00738432 0.0331299
218.233 282.57 0.000310247 -0.00196691 0.0143335
201.171 280.774 0.000176613 -0.00112378 0.00828485
204.813 284.68 4.72936e-05 -0.000141362 0.000904713
135.457 306.053 0.0375309 0.00115236 0.00180759
216.833 314.563 0.0487271 0.00168689 0.00112058
166.183 342.85 0.0567118 0.00197666 0.00251883
237.839 284.72 0.00371331 -0.0101572 0.051263
361.618 318.461 0.00424301 -0.00837718 0.0553303
359.633 308.572 0.0029618 -0.000357147 0.000223528
171.909 343.227 0.0542753 0.00149841 0.00220491
135.853 271.265 0.0120974 -0.010176 0.0324494
138.262 338.913 0.0516011 0.000773758 0.00239145
116.953 373.349 0.00845856 -0.00303131 0.0224285
203.259 313.247 0.0258534 0.0176022 0.0139044
143.761 339.37 0.0744053 0.00316943 0.00266348
275.097 324.361 0.0220004 0.0127633 0.0094111
154.127 308.931 0.0285789 0.00844668 0.00510755
360.885 249.256 0.059104 0.00473677 0.000915047
190.5 288.177 0.0857934 -0 0.00693556
374.162 140.377 0.00171725 4.27193e-05 0.00943925
182.415 312.161 0.0261645 0.00681803 0.00366562
258.912 317.735 0.121079 0.00569204 0.00336097
258.051 324.005 0.00428435 0.000273404 0.00189931
335.431 137.241 0.00618997 0.00484653 0.0119969
227.929 309.443 0.0446152 0.00520157 0.00100578
297.379 367.851 0.00575151 0.000427457 0.000761126
297.347 367.669 0.00440714 0.000312882 0.000716633
386.798 359.397 0.0106054 0.000592733 0.000684037
386.601 361.118 0.00850457 0.000711222 0.000564785
282.764 221.236 0.0040666 0.00167274 0.000997937
282.948 221.062 0.0033367 0.00137267 0.000839893
342.8 156.975 0.0563389 0.00323059 0.006234
359.643 159.1 0.0645826 0.00409347 0.0068619
202.554 292.714 0.0150839 -0.00120724 0.00419452
359.343 381.392 0.00266917 -0.000829958 0.0248503
259.528 350.722 0.0762977 0.00258842 0.00545489
357.625 147.719 0.0116567 -0.00583983 0.0373281
183.111 148.667 0.0133748 0.00391762 0.0137408
182.093 148.533 0.00749384 0.00210711 0.0098482
250.958 223.25 0.00285892 -0.0117324 0.104751
249.872 225 0.0013839 0.000343063 0.00293791
171.353 159.66 0.00158877 -0.0057749 0.0642613
169.884 159.022 0.00127395 -0.0031308 0.0286319
170.864 213.977 0.00110717 -0.00435179 0.0336743
257.21 344.242 0.0205372 0.00478068 0.00264264
257.091 345.393 0.00474962 0.000383363 0.00130483
159.557 225.529 0.0766318 0.00195664 0.00560357
248.048 237.667 0.0542515 0.00319006 0.00616254
227.009 337.409 0.0133161 0.00447184 0.00561787
214.014 335.581 0.0340871 0.00628692 0.00658998
212.352 337.082 0.00980353 0.00121688 0.00261243
176.021 227.812 0.0444635 0.00134375 0.00543326
333.726 172.858 0.0486918 -0.0274988 0.0185342
389.948 280.161 0.00736245 0.00050553 0.0010287
377.944 128.04 0.00431517 0.000139441 0.0125884
371.612 127.94 0.00101556 -0.00124888 0.00786602
274.649 353.457 0.0197653 0.00550749 0.00765657
394.609 207.529 0.00772539 0.000701985 0.00105375
182.5 227.758 0.0768897 0.00813328 0.00726489
165.632 226.105 0.0730993 0.00338084 0.00514329
254.605 237.789 0.0693444 0.00227031 0.00520411
251.192 173 0.0374548 0.000997318 0.00363233
167.177 230.274 0.0366627 0.00931144 0.00674834
164.906 226.673 0.00611894 0.000586162 0.00176369
169.605 230.04 0.000430765 -0.000101217 0.00101058
145.847 285.847 0.014149 0.00228977 0.00447076
145.769 285.065 0.0105569 0.00141084 0.00287828
129.58 283.42 0.0124116 0.00103156 0.00332681
180.075 228.87 0.00855907 0.00047232 0.00159442
180.643 228.703 0.00543032 0.000162782 0.00162443
252.837 238.826 0.00771892 0.00137707 0.00178954
253.455 238.771 0.00477502 0.00103987 0.00166919
251.339 240.186 0.00093112 -1.48943e-05 0.000944795
187.765 272.529 0.00510322 -0.0269828 0.205532
404.75 371.906 0.0248569 -0.000891149 0.0125019
194.988 273.776 0.0015892 -0.011641 0.0864068
183.177 271.636 0.000650934 -0.00441807 0.0308974
193.869 292.546 0.0171681 0.00146756 0.00311637
193.919 292.372 0.0149594 0.00159029 0.00283422
177.606 291.266 0.0168666 0.000294679 0.00400533
178.118 290.129 0.0123104 0.00111006 0.00320386
263.991 355.085 0.0201239 0.0013916 0.0052778
263.903 352.045 0.00843805 0.00112533 0.00172008
263.465 354.415 0.00504621 0.000869383 0.00137631
218.733 342.017 0.0159705 0.00247115 0.00467307
219.857 345.089 0.00318745 -0.000730558 0.00238609
225.051 344.571 0.00116607 0.000145104 0.00222182
224.365 291.5 0.0325213 0.00418162 0.0066059
231.288 343.558 0.0170036 0.00268038 0.00494168
347.04 154.98 0.0197852 0.000977068 0.0016907
269.276 303.664 0.010405 0.00159534 0.00456706
252.686 302.174 0.0139442 -0.000641988 0.00420902
252.842 301.082 0.0117934 0.000566993 0.00312132
363.085 157.546 0.0210383 0.00103716 0.00166948
339.212 342.409 0.0196758 0.00177596 0.00189426
339.631 342.377 0.0160353 0.000525398 0.00181416
339.682 341.911 0.0108703 0.000707975 0.00143331
339.799 357.403 0.00117894 0.000185574 0.000222978
332.251 354.894 0.000447253 6.04856e-06 0.000220033
401.12 158.24 0.0425411 0.00260541 0.00196615
400.44 158.372 0.0230876 0.00217095 0.00192358
321.482 342.114 0.0283329 0.00197257 0.0044594
317.86 342.703 0.00372669 0.000371417 0.00239554
377.814 353.696 0.0336759 0.00265184 0.00452624
377.983 352.534 0.0236775 0.00154245 0.00325056
253.5 148.682 0.00740647 -0.00319056 0.0325493
345.716 238.543 0.0224747 0.00169401 0.0019427
326 242.018 0.0226236 0.00124215 0.00200964
345.167 194.625 0.0618591 0.00452483 0.00418083
335.898 240.27 0.0239341 0.00152052 0.00194569
335.947 240.412 0.0149701 0.00102954 0.00160059
335.789 245.259 0.0114279 0.000660026 0.000424624
255.896 167.311 0.116933 0.00918087 0.00180884
252.555 164.363 0.00601586 0.00049029 0.000441447
230.675 159.611 0.000157784 -9.23292e-05 0.000290963
325.64 293.22 0.0158352 0.00114502 0.00183225
325.845 293.139 0.0106451 0.000769243 0.00146238
313.75 343.854 0.0307204 0.00263779 0.00436454
335.181 292.445 0.0197211 0.00118207 0.00193787
335.625 291.533 0.0140577 0.00102607 0.00168139
329.056 293.695 0.00102805 2.71096e-05 0.000514659
333.258 294.46 0.000432374 2.27466e-05 0.000378098
298.286 344.304 0.0136877 0.00291495 0.00925196
298.245 343.724 0.00987153 0.0011004 0.00478674
136.138 353.897 0.00284861 -0.00986367 0.0769458
127.728 350.901 0.000873417 -0.000875755 0.003576
302.295 297.696 0.0184099 0.00130993 0.00175079
150.016 370.857 0.00244655 -0.0166028 0.120146
166.054 375.592 0.000170211 -0.000949498 0.00837871
168.958 376.863 0.000141525 -0.000677508 0.00614375
156.275 370.021 0.00012898 -0.000252649 0.000982796
262.48 240.214 0.178819 0.010137 0.00156508
164.733 357.956 0.00194419 -0.00497629 0.046659
348.04 132.16 0.00153867 -0.0106453 0.0858544
178.895 380.921 0.00688248 -0.00736489 0.0590336
151.513 224.289 0.0388206 0.00395418 0.00154984
97.3333 367.028 0.0138263 0.0013652 0.0174462
391.304 248.601 0.00107319 7.50575e-05 5.6518e-05
208.88 326.84 0.00253592 0.00339109 0.0483103
381.27 108.236 0.0560968 -0.00422519 0.001233
127.525 297 0.0142973 -0.0082886 0.0250754
127.127 299.57 0.00666169 -0.000128879 0.00411676
128.075 292.029 0.00578986 0.000647297 0.000771864
122.649 318.486 0.00598424 0.00293383 0.00563848
122.024 322.397 0.0066073 0.00135754 0.0017244
352.704 112.555 0.00131139 -0.000205046 0.00658422
358.485 107.618 0.000740967 9.66834e-05 0.0010393
363.571 101.439 0.000497397 9.30301e-05 0.000403319
363.022 107.437 0.000225872 2.9971e-05 0.00018677
148.889 172.938 0.000473857 0.000525949 0.00217427
334.857 380.934 0.000811796 0.00196174 0.0178778
369.947 69.6842 0.00591235 -0.00591108 0.0640107
376.259 380.293 0.0106886 0.00533242 0.01714
376.128 379.962 0.00723682 0.00310592 0.0139663
150.097 325.366 0.0241723 0.00337601 0.00186857
353.469 141.123 0.00117734 -0.00148036 0.0196392
351.299 146.922 0.00140801 0.000387545 0.000999654
175.838 306.223 0.00733798 -0.000285072 0.00457347
177.007 298.18 0.00616912 0.000785619 0.000791312
205.26 354.2 0.00293585 0.00373321 0.0580142
143.044 301.752 0.00891491 -4.90401e-05 0.00603909
143.049 301.889 0.00656286 7.79289e-05 0.00415562
143.919 293.852 0.00566642 0.000566989 0.000726895
158.559 295.391 0.000111365 -9.32589e-05 0.000690773
276.949 203.244 0.00869995 0.00748437 0.00728948
159.908 282.613 0.0114832 -0.00078165 0.00785177
159.153 307.398 0.01789 -1.7805e-05 0.0114884
110.159 339.907 0.0741126 0.00198702 0.000395374
331.632 153.274 0.0169918 -0.00632644 0.0134082
191.507 308.594 0.00641624 -0.000524885 0.00466059
192.622 300.479 0.00597703 0.000756802 0.000755272
250.48 316.54 0.00632304 -9.93803e-05 0.00405369
251.466 310.156 0.0056383 0.000748531 0.00090232
208.766 289.531 0.0122773 6.73725e-05 0.00867206
208.919 289.113 0.00955917 0.000457494 0.00571031
327.833 137.115 0.0214726 0.00731646 0.0178734
337.227 173.348 0.107875 -0.0642822 0.0418926
332.728 161.221 0.00986825 -0.00328529 0.00181733
332.375 144.625 0.0149233 0.00993944 0.0228846
208.19 314.571 0.0205886 -0.00144624 0.0133401
409.078 158.672 0.035577 0.00737356 0.00480036
375.348 160.032 0.015015 0.00303485 0.00593253
375.159 156.564 0.0103083 0.000319004 0.00163222
392.468 161.087 0.0313593 -0.00234682 0.00409541
399.722 176.389 0.018665 0.0023013 0.0105162
222.405 309.106 0.0161217 6.15383e-05 0.00190889
222.835 304.36 0.0100821 0.000647868 0.000720377
402 142 0.0226801 0.00297379 0.0226801
235.84 305.293 0.00691805 0.00031471 0.000788118
266.431 318.424 0.00629094 -0.0001237 0.00422098
267.299 310.579 0.00530252 0.000589342 0.000776388
262.94 309.032 0.000575994 0.000176349 0.000790983
393.671 148.357 0.0356041 0.0113505 0.0144907
410.524 174.915 0.0322766 0.00664709 0.0112487
388.372 178.577 0.0361811 0.00113848 0.0101073
381.119 143.69 0.0241697 -0.00997079 0.0156276
374.974 149.395 0.0211149 -0.00512084 0.0149905
279.766 300.816 0.0231751 0.00365423 0.00408875
381.218 342.906 0.00226153 0.000432618 0.00023818
277.804 366.413 0.0078926 0.00343968 0.0147183
110.949 298.173 0.0467061 -0.00385413 0.00481603
111.988 289.517 0.0300667 0.00284251 0.000810379
409.118 146.176 0.0391864 -0.00473741 0.0123603
344.5 210 0.0338559 0.00308365 0.00846398
393.464 379.571 0.00373482 -0.000522165 0.00449565
337.038 211.115 0.0479927 0.00106329 0.00782404
354.5 238.75 0.0416436 0.00831947 0.00499168
354.824 237.19 0.0145624 0.000334787 0.00136576
281.944 322.185 0.0393543 0.00405056 0.00484518
354.967 257.7 0.0455213 0.00782723 0.00682886
344.965 258.43 0.0217111 0.00169002 0.00531213
347.947 277.16 0.0242532 0.00282926 0.00938328
335.035 260.401 0.0216107 0.00152076 0.00528964
318.451 245.232 0.0654373 -0.00110294 0.00458254
325.38 261.94 0.0187635 0.00204334 0.0055936
336.643 275.329 0.0169763 0.0054197 0.0284435
347.655 288.683 0.0152542 0.00158403 0.00592346
348.66 290.599 0.010144 -0.00161923 0.00326347
348.365 287.658 0.00933668 -0.00125343 0.000779595
209.5 302.256 0.00344163 -0.00211631 0.00482124
308.083 266.778 0.0455249 0.00922461 0.00936361
350.778 209.778 0.0594712 -0.00521864 0.0077108
315.056 283.078 0.0255204 0.00238217 0.00945191
314.864 283.061 0.0169674 0.0013365 0.00709967
334.755 311.777 0.0159718 0.00201034 0.00415244
326.95 277.125 0.0149795 0.00524312 0.0266594
346.28 312.793 0.0270361 0.00325907 0.0105654
345 310.542 0.0137838 -0.0029299 0.00494607
315.122 265.1 0.0434566 -0.00247796 0.00582829
314.5 294.726 0.0178803 0.00215795 0.00694141
303.3 281.3 0.015155 0.00363637 0.031038
293.75 300.712 0.0232045 -0.000880428 0.00331844
325.062 313.691 0.0166089 0.00224596 0.00446985
301.533 318.049 0.0168643 0.0013946 0.00432794
312.761 318.87 0.0246992 0.00291657 0.00966215
356.386 208.643 0.0603495 -0.0149393 0.0110585
290.154 321.077 0.0378558 -0.00227885 0.00537046
367.369 245.101 0.0361641 0.00318623 0.000524742
