1.0
205
225.76 223.16 0.00568416 -5.47642e-05 0.0212033
228.05 236.251 0.000981493 0.000132409 0.00173655
226.929 234.071 0.000595427 -3.58416e-05 0.000784401
253.7 212.133 0.0235324 0.001442 0.00277281
251.539 235.676 0.0139534 0.00928405 0.0116952
251.034 235.904 0.00559185 -0.0001578 0.001077
252.011 244.522 0.00757573 0.00058659 0.00971942
65.2308 167.135 0.0166032 0.00145163 0.00528245
64.8019 210.142 0.0133344 0.00310021 0.0058122
63.2531 218.938 0.0104436 0.000941841 0.000891237
63.5519 206.468 0.00199924 -2.72303e-05 0.000346719
224.341 200.457 0.00355478 -0.00143227 0.0122761
191.574 201.412 0.0415177 -0.00641106 0.00176992
75.8333 250.25 0.000794772 -5.20479e-20 0.0691244
81.0749 244.186 0.00142712 0.000838092 0.00265288
228.11 211.975 0.00581442 0.00158582 0.0106862
82.2288 48.6356 0.00138087 -0.000612267 0.0127363
75.9368 52.6097 0.000722884 0.000113746 0.000220106
80 60.1429 0.0456722 -0.00025622 0.00327392
65.7 143.7 0.0674827 0.00249175 0.00505495
148.111 162.37 0.00825509 -0.00158692 0.00263652
171.1 246.3 0.00625839 0.00548927 0.0518408
61.4375 146.656 0.0791181 0.00507563 0.00684271
102.444 207.944 0.0113691 0.00308785 0.00495535
42.6885 224.828 0.00719646 0.0022266 0.00186761
43.3372 222.419 0.00161751 0.000205026 0.0011349
101.932 86.6622 0.0112003 -0.0103225 0.0237785
70.5 143.5 0.0871591 0.00308437 0.00696553
75.8878 23.5 0.00407433 0.00195854 0.00440944
145.122 210.611 0.0977396 -0.00626152 0.0019295
143.589 224.958 0.0125904 0.000906171 0.000327558
95.9737 123.947 0.0634705 -0.0113922 0.00648766
89.8714 37.6429 0.0393159 -0.00435419 0.00826132
140.843 235.014 0.00902216 -0.00045414 0.0161478
66.0667 96 0.00931703 0.0178096 0.0385074
215.297 176.649 0.00174698 -0.00168 0.00544571
51.3667 247.022 0.00587401 0.000146034 0.0119221
230.314 188.042 0.00863248 -0.00649848 0.0128468
151.174 210.43 0.0588348 0.0140132 0.00619554
76.1875 217 0.114014 -0 0.00331858
105.77 245.527 0.020621 -0.000855831 0.0167859
104.057 243.957 0.0056167 -0.00145906 0.010162
92.75 66.475 0.0136922 -0.00618437 0.0129432
91.9954 69.6009 0.00983068 -0.00153699 0.00264163
92.8235 75.5294 0.0130803 -0.00152756 0.007773
46.3095 153.476 0.00738305 0.0122349 0.0469313
67.5833 195.917 0.00160164 0.00314916 0.0240845
63.8641 194.751 0.00111159 -0.000376738 0.00471128
169.868 199.765 0.0552435 -0.00641002 0.00143698
152.64 222.816 0.0306543 0.00451033 0.00426551
153 239 0.0208333 -0 0.00520833
12.3344 251.745 0.00134388 -0.000751276 0.0132868
179.176 248.324 0.00420873 0.000793321 0.0010168
180.504 251.28 0.000415762 -8.53044e-05 0.00230706
123.45 138.475 0.000752707 -0.00154057 0.0202403
203.931 225.971 0.0133016 -0.00545614 0.0102277
61.8226 203.274 0.0103439 0.0112152 0.0363779
101.939 180.793 0.0107536 0.000420359 0.00321994
51.629 227.306 0.0432013 -0.00715868 0.00521077
93.0692 146.315 0.00423026 0.00706289 0.01601
244.716 161.419 0.0665547 -0.00146294 0.00187063
148.942 179.081 0.0195097 0.00469964 0.00661624
101.479 134.979 0.00815632 0.0187466 0.0636384
104.12 132.47 0.0044532 0.00432085 0.00822146
120.151 242.992 0.00607085 -0.000314841 0.0108636
119.987 240.631 0.00464402 4.47261e-06 0.0029748
43.6707 161.134 0.0135774 0.0353795 0.110119
169.938 166.781 0.00335469 0.000962192 0.00702964
138.318 204.409 0.0563824 -0.0103837 0.00523102
238.944 129.972 0.0510948 -0.00942704 0.00524412
58.6667 191.639 0.0336856 0.0279886 0.0326573
97.051 95.949 0.0111545 -0.0331589 0.108136
89.7013 208.779 0.00115257 -0.000164186 0.000582489
4.92222 229.989 0.0137683 -0.00162236 0.00360028
7.39806 228.379 0.00391126 0.000196315 0.0017874
229.991 171.443 0.0107055 -0.00550281 0.0107675
83.7708 227.042 0.00324756 0.00933895 0.0921916
23.9286 234.054 0.00570469 0.00591022 0.011913
116.88 223.84 0.00302951 0.000779168 0.00507265
252.974 168.026 0.0249102 -0.00184493 0.010173
12.7121 226.47 0.0207353 0.00675662 0.00849514
68.6905 182.595 0.00960104 -0.00461402 0.0112343
176.782 189.526 0.0410124 -0.00258332 0.00185516
113.41 253.052 0.00129308 -0.00416235 0.0620052
237.531 157.281 0.0374412 0.000835865 0.00458346
35.0714 239.949 0.00498476 0.00392716 0.012425
100.311 164.915 0.00494704 0.0104889 0.040117
42.3197 254.107 0.00169896 -5.06449e-05 0.0425324
214.446 160.581 0.0117466 -0.0100879 0.0213806
138.853 131.147 0.00461268 -0.00559036 0.0210117
235.7 140.043 0.0435582 0.00109451 0.0046857
235.206 115.176 0.0597247 -0.00421489 0.00487449
171.145 145.964 0.00519377 -0.000331385 0.00223566
214.217 117.462 0.0151655 -0.0025115 0.00408693
10.2812 196.312 0.0283334 -0.0219328 0.0256911
143.524 114.357 0.0532019 -0.00585755 0.00350239
204.781 133.469 0.0213403 -0.00524902 0.0141416
1.81818 13.4091 0.19162 0.00538882 0.000911782
0.5 93 0.75 -0 2.16788e-05
0.530303 239.894 0.555107 0.000686933 0.000752866
99.0373 75.3358 0.0344799 0.00173771 0.00230697
65.5667 214.533 0.0732682 -0.00380614 0.00672022
65.5488 109.573 0.0283686 -0.00327589 0.0041791
231.519 140.481 0.0545073 -0.00751127 0.00336029
229.865 133.195 0.0174921 -0.00181025 0.000752101
48.5882 223.676 0.0724375 0.00177099 0.00549517
147.045 118.288 0.082208 -0.00689522 0.00435398
228.024 121.5 0.0345509 4.73625e-05 0.00359842
64.9062 74.9062 0.213882 0.00730679 0.00250597
16.8778 228.5 0.0228077 0.00807003 0.0149913
251.864 151.045 0.0384213 -0.00146822 0.00432689
29.6064 212.67 0.0187926 0.000282631 0.00911123
193.524 231.451 0.00406723 -0.00147078 0.0774397
66.7766 237.074 0.0191269 0.0286632 0.0494616
84.5039 233.895 0.00052778 0.00157734 0.00769553
79.9554 231.186 0.000251096 0.0001171 0.000562707
220.794 139.412 0.104962 -0.0334509 0.0144047
253.444 137.847 0.0179385 0.000370435 0.00209067
28.4268 203.451 0.0551363 0.0245182 0.0136021
148.675 242.675 0.0423586 -0.00542474 0.00475905
126.5 222.81 0.04509 -0.0038757 0.00242231
169.573 231.329 0.00437133 -0.00139451 0.0657789
129.856 248.664 0.0144935 0.00382237 0.00418064
65.2692 184.923 0.0161194 -0.0113811 0.0111278
247.22 129.98 0.0372145 0.0118627 0.00794449
28.1531 236.908 0.0154135 0.0224148 0.0427397
135.625 211.438 0.0127312 -0.00688128 0.0083539
71.4804 215.873 0.0934329 0.00269702 0.00245983
72.5 215.813 0.02454 0.00119355 0.00139742
158.857 241.018 0.026136 -0.00106088 0.00362675
158.152 228.707 0.0281419 -0.00195181 0.00058721
187.244 197.105 0.0124988 -0.0019362 0.0138826
165.25 208.357 0.0140545 0.00071505 0.00427611
188.758 240.222 0.00871265 0.000537265 0.00482347
86.1842 7.20175 0.0125864 -0.00698891 0.00916103
103.112 230.613 0.00164503 -0.000463948 0.0219979
195.962 164.91 0.00615107 -0.00596237 0.0241499
188.522 206.565 0.028223 -0.00148596 0.00851829
189.64 209.957 0.0022043 -7.11756e-05 0.000333744
79.5 118 0.75 -0 0.00042517
89.2659 119.896 0.00123197 0.000159991 0.000412553
203.928 193.714 0.00779883 -0.00158932 0.00251796
204.44 194.306 0.00472385 -0.000205321 0.00149572
203.973 193.705 0.00412007 -0.000873026 0.000818738
216.742 242.167 0.019313 0.000247404 0.019819
128.536 149.5 0.00882439 -0.00517554 0.00778195
129.173 157.323 0.00359296 -0.000453836 0.00066529
181.4 214.325 0.0677158 0.000261776 0.00261305
83.1222 34.9 0.0121795 0.004044 0.00506028
94.525 99.475 0.0124389 -0.027809 0.0836658
194.657 195.878 0.0211739 -0.00261631 0.00107805
146.167 135.038 0.0261534 0.00222026 0.00665499
245.878 194.033 0.0206663 0.000606322 0.0102469
96.2797 245.737 0.00653701 -0.00177036 0.00358971
252.621 133.924 0.0586987 0.0220693 0.0114282
33.6481 251.056 0.00282871 0.00537057 0.0300689
34.7422 248.867 0.00264568 0.0026492 0.00804935
83.7093 84.7791 0.0111418 -0.0120444 0.0365463
90.3478 87.5 0.00651815 -0.0138638 0.0360844
53.6429 250.986 0.00564654 0.0126187 0.0537369
126.312 166.833 0.0167408 -0.00692343 0.0127101
135.864 186.136 0.00947412 -0.00824026 0.022071
142.385 150.008 0.0232984 0.0026835 0.00401656
240.1 161.333 0.0360993 0.00951094 0.00909246
193.844 186.344 0.0221438 -0.00687153 0.0163283
108.038 237.808 0.00868051 -0.00556451 0.0174514
163.333 183.778 0.0500002 0.0204868 0.0127359
157.144 217.686 0.0523225 -0.00180716 0.00230016
240.5 168.396 0.0314379 -0.000583746 0.00125195
157.087 182.065 0.0135608 0.00676651 0.0129235
156.304 179.551 0.0119563 0.000570993 0.00126932
161.575 168.875 0.0240255 -0.000324717 0.00872405
56.4853 218.441 0.0880919 0.000994073 0.00134124
126.227 184.5 0.0319681 -0.00422885 0.0135515
130.482 185.245 0.00296849 -0.000469904 0.00463127
50.1444 236.544 0.0154337 0.00320246 0.00831421
251.304 182.848 0.0198698 -0.00319434 0.00937965
249.694 179.552 0.0126361 -0.0031471 0.00261729
248.717 183.732 0.00637267 0.000761985 0.000887071
169.072 221.493 0.00295603 -7.66439e-05 0.00060877
128.292 198.396 0.00593453 0.00172848 0.0129785
208.206 219.206 0.00516428 -0.00205244 0.0157919
209.38 222.169 0.00605636 -0.00305269 0.00386809
192.391 147.445 0.0109717 -0.00762636 0.0100925
135.659 219.01 0.00520556 -0.000501046 0.00117539
133.063 219.436 0.00281855 6.2246e-06 0.000848687
249.194 218.778 0.0106636 -0.00270139 0.0156621
173.986 185.871 0.0329008 0.00509475 0.00810283
160 156.312 0.024248 -0.00468726 0.0129876
185.294 157.559 0.0322667 0.0107575 0.0113217
169.896 172.519 0.0103803 -0.00216966 0.00769555
198.522 240.078 0.0348867 0.000446158 0.00419891
247.762 175.619 0.0199146 0.00641577 0.0118652
147.143 200.952 0.0533225 0.00432882 0.00477132
85.2458 68.6186 0.030022 -0.00120288 0.00185483
85.75 67.9038 0.0176069 0.00139232 0.00127171
248.662 205.162 0.0146826 0.00304913 0.00406371
103.868 181.105 0.0330366 0.000716888 0.00943098
48 193 0.0503425 0.00362052 0.0131028
104.676 215.245 0.0228236 -6.53553e-05 0.00705317
76.883 67.9468 0.135574 0.0036013 0.00162439
98.18 139.327 0.00399211 0.011387 0.0446557
44.85 171.683 0.0105283 0.00324268 0.00804783
142.238 254.303 0.00227756 -0.00437997 0.0608483
248.134 249.176 0.00577257 -0.00206127 0.00392054
