1.0
239
236.062 36.1856 2.38981e-06 2.55495e-06 1.09095e-05
229.317 206.015 0.00667561 0.00196321 0.00109069
229.833 200.734 0.00446474 0.00103076 0.000458709
229.683 200.353 0.00343962 0.000774279 0.000392638
228.669 197.229 0.00198561 0.000382564 0.000265285
366.456 146.631 0.0139345 -0.023782 0.0426252
369.472 150.113 0.00258995 -0.00276822 0.00363303
216.422 317.892 0.0662837 -0.0282471 0.0149934
217.927 315.616 0.00567854 -0.0024117 0.00263845
218.28 316 0.00391768 -0.00176254 0.001996
238.25 320.827 0.0623985 -0.0250624 0.0131505
239.421 318.589 0.0062675 -0.00262233 0.00283062
240.377 318.79 0.00420368 -0.00178973 0.00204236
240.484 319.074 0.00357017 -0.00154768 0.00179097
216.864 350.918 0.00977349 -0.0068966 0.0231545
258.293 296.466 0.0156384 0.00306618 0.0044139
256.93 295.91 0.00585054 -0.000474184 0.00392398
260.354 297.168 0.00244676 -0.000962607 0.00272937
314.524 304.929 0.038778 0.00114921 0.00297759
409.103 228.514 0.00646878 -0.00346919 0.00210464
191 290.921 0.026799 -0.00512834 0.0038762
273.57 292.744 0.051398 -0.0177354 0.00682917
272.011 128.42 0.00625537 0.00149844 0.00161759
220.231 292.346 0.0149339 0.00197156 0.00405213
222.778 293.676 0.00172877 -0.000906514 0.00340408
203.952 291.31 0.0715688 -0.028413 0.0143396
241.292 295.875 0.0410917 -0.00983594 0.00537477
200.386 136.443 0.0127364 -0.00133087 0.0338955
193.189 135.915 0.00149969 -0.00088997 0.0147352
393.11 188.72 0.0691286 -0.02785 0.0154594
300.891 304.196 0.0102686 -0.00360845 0.00380128
222.988 275.817 0.0577539 -0.0228286 0.0139486
357.994 330.195 0.0024099 -0.000392168 0.000849673
358.64 333.456 0.00186622 -0.000207112 0.000453002
184.738 271.024 0.0600868 -0.0232348 0.0136891
462.665 264.968 0.00367228 -0.000908732 0.00101491
463.003 265.629 0.00308144 -0.000814618 0.000896077
294.847 285.357 0.0464158 -0.0163812 0.0102581
235.464 277.607 0.0401763 -0.0134947 0.0085835
282.343 283.108 0.0432809 -0.0174067 0.0116309
288.878 302.033 0.0589871 -0.0244248 0.0127251
291.389 200.854 0.00894472 0.00108816 0.000402376
291.309 201.013 0.00700237 0.000918296 0.000327682
291.039 201.059 0.00570419 0.000779273 0.000291879
288.538 199.927 0.00175017 0.000230208 0.000191781
278.817 194.814 0.000424576 3.5782e-05 0.000166381
254.068 280.826 0.00251376 0.00011963 0.00542622
197.52 273.276 0.0455705 -0.0152159 0.00996791
306.3 287.557 0.0942073 -0.0332403 0.0153455
217.287 276.396 0.00217268 -0.000882159 0.00503234
334 91.8958 0.00638922 -0.00107193 0.0132529
441.031 299.888 0.00476365 -0.00266912 0.0137595
201.871 122.904 0.0117573 0.00140529 0.00624817
356.841 360.5 0.0443353 0.0140821 0.00884028
308.514 321.312 0.0123008 -0.00481905 0.00423387
335.757 268.814 0.0707228 -0.0220568 0.0130157
274.045 317.08 0.0155601 -0.00571068 0.00588172
432.707 198.165 0.00291922 -0.000338748 0.00113089
264.786 226.729 0.0606595 -0.0243182 0.0167809
378.5 235.353 0.0655311 -0.0207556 0.0135848
194.882 217.971 0.0582159 -0.0221367 0.0164272
408.692 133.99 0.00313944 -0.000414925 0.00117364
258.523 126.705 0.0173359 0.00661194 0.0178999
365.562 245.531 0.0754608 -0.0228636 0.0139786
351.639 75.6082 0.00136652 -0.000303873 0.00559176
207.882 219.735 0.0568452 -0.0237316 0.0180507
413.562 135.344 0.00759148 -4.38512e-05 0.000754718
355.7 194.425 0.0424982 -0.0148162 0.0129753
259.033 212.93 0.00251892 -0.00118603 0.0134901
368.878 185.662 0.0389475 -0.00598575 0.00741371
216.43 159.044 0.00291501 -0.0173244 0.142157
294.424 362.778 0.00434225 -0.0286754 0.202277
215.44 162.6 0.00330855 -0.0194803 0.160207
214.256 155.011 0.00362763 -0.0195778 0.165506
396 90.425 0.0419231 -0.00921807 0.00885545
211.322 221.445 0.0176742 -0.00606282 0.00429255
198.075 219.39 0.0152822 -0.00524224 0.00382134
198.62 220.538 0.00862907 -0.0021416 0.00240121
268.145 228.105 0.0172265 -0.00527752 0.00350588
270.71 228.79 0.00411466 -0.00138824 0.00201751
280.625 320.2 0.034501 -0.00810266 0.00736463
286.302 322.892 0.00206134 -0.00052124 0.00276696
290.619 321.262 0.0349397 -0.0087286 0.00750383
394.689 89.9778 0.00804136 -0.00112766 0.00225392
394.65 90.0708 0.00571451 -0.000821993 0.00199183
345.777 151.5 0.0153941 -0.00247827 0.00546036
345.874 151.752 0.0115582 -0.00168919 0.00402326
318.295 327.705 0.0227912 -0.00682857 0.00417734
318.172 329.263 0.0120919 -0.00255419 0.00199675
354.115 195.308 0.00795403 -0.0016762 0.00212685
354.153 195.463 0.00615027 -0.00091099 0.00211044
354.275 195.699 0.00456103 -0.000647086 0.00175285
363.76 245.664 0.00738862 -0.00149186 0.00235353
363.517 245.674 0.00548584 -0.000892154 0.00209763
363.011 242.957 0.00405025 -0.000920256 0.00119005
336.545 159.727 0.0243045 -0.000669039 0.00488802
448.035 266.411 0.011652 -0.00148197 0.00414712
447.938 266.055 0.00919211 -0.00168978 0.00361246
448.255 267.125 0.00683934 -0.00128204 0.00235197
186.343 262.204 0.00312571 -0.0233277 0.185706
226.767 267.298 0.00161238 -0.0123511 0.0966092
404.298 273.308 0.0106188 -0.00247403 0.00285323
404.308 271.651 0.00511786 -0.000855104 0.00198203
341.146 205.217 0.0103534 -0.00279201 0.00294526
341.21 205.183 0.00589653 -0.000904961 0.00210585
341.363 205.391 0.00421454 -0.000604814 0.00167217
380.192 287.365 0.0173011 -0.00461389 0.00679178
379.802 286.741 0.0096444 -0.00172097 0.00400813
375.728 290.977 0.00190983 0.000608318 0.0019752
366.886 185.444 0.00618813 -0.000882238 0.00208539
366.901 185.883 0.00457576 -0.000659677 0.00173013
333.348 269.333 0.00578912 -0.00102087 0.00210101
333.7 269.281 0.00473955 -0.000753606 0.00177837
332.656 266.528 0.00437178 -0.0010637 0.0012407
335.303 272.984 0.00398663 -0.00128923 0.000855015
344.794 101.833 0.0360344 -0.0123285 0.0064078
370.278 294.913 0.0147847 -0.00299782 0.00539497
369.874 294.222 0.00968082 -0.00138022 0.003844
348.778 308.567 0.00810796 0.00259877 0.00756868
348.955 308.311 0.00612266 0.00150243 0.00532284
357.75 102.458 0.0345666 -0.0130629 0.00709803
355.167 102.435 0.00553615 -0.00248585 0.00358828
345.857 101.986 0.000754898 -0.000425761 0.00304595
375.957 236.278 0.0125439 -0.00366281 0.00307468
376.354 235.779 0.00512228 -0.000727782 0.00194669
371.949 244.245 0.000897497 -7.77219e-05 0.000388612
231.431 348.144 0.00179157 -0.00280549 0.0134164
255.07 351.239 0.000272933 -0.0015604 0.0139174
280.314 355.491 0.000276153 -0.00159763 0.0111352
276.642 355.146 9.54708e-05 -0.000300563 0.00144089
262.327 350.481 0.00350843 -0.0229731 0.186816
333.462 60.8077 0.00252589 0.000748855 0.0202742
339.873 53.5906 0.00100263 -0.000221163 0.00107075
340.696 44.9316 0.000993388 -0.000150149 0.000343972
340.542 45.5014 0.000790304 -9.10573e-05 0.000297886
340.725 56.8213 0.000380365 -3.72435e-06 0.000145933
338.5 44.4375 0.0024233 -0.00897969 0.119451
334.857 55.7143 0.00312479 -0.00651971 0.0994675
337.811 48.1 0.00300937 -0.0116003 0.117673
258.57 146.149 0.13276 -0.0469621 0.0177222
255.406 145.256 0.00900904 -0.00322245 0.00175797
335.671 51.9571 0.00353671 -0.0109773 0.126753
275.705 230.091 0.164176 -0.0669955 0.0286322
337.282 34.5805 0.00292369 -0.00230645 0.0161405
335.033 83.8524 0.00153012 -0.0118468 0.120168
336.809 84.4904 0.000472156 -0.00191661 0.01721
241.871 358.948 0.00115653 -0.00659341 0.0623875
263 105.759 0.0105266 -0.00420712 0.0165408
263.456 105.811 0.00723281 -0.00458502 0.0109332
266.097 106.01 0.00354851 -0.00136193 0.00425121
267.393 105.695 0.00270142 -0.00138431 0.00325487
291.05 365.633 0.00522493 -0.0173139 0.0805309
282.135 364.297 0.000763235 -0.00524286 0.0386028
416.56 156.767 0.000432542 -8.393e-05 0.000140964
181.009 153.493 0.000875446 0.000587182 0.00133104
224.212 332.404 0.00326868 -0.00574785 0.0587218
218.128 330.493 0.00149306 -0.00198274 0.00711036
182.403 127.801 0.00262061 0.0021082 0.00600052
218.85 116.963 0.000685353 -0.000977137 0.00666949
423.77 303.557 0.00764126 0.00656891 0.00989552
415.493 309.981 0.00507088 0.00612543 0.00847695
406.555 317.046 0.00402843 0.00498157 0.00661225
408.588 291.87 0.000469572 6.66915e-05 0.000131288
285.065 142.497 0.00150575 0.00021156 0.000806057
247.629 335.306 0.00295514 -0.00453719 0.0487028
262.931 121.392 0.0194262 -0.00147569 0.00387485
455.458 293.966 0.0102797 0.00527087 0.0064516
454.959 291.876 0.00572018 0.00105275 0.00228222
202.46 307.47 0.0177328 -0.00522344 0.00322768
195.94 286.727 0.0158796 -0.00714135 0.00955122
400.8 105.689 0.00913579 0.00410268 0.00947172
478.061 272.037 0.0139319 -0.0103859 0.0288136
388.798 74.9561 0.0137434 0.00824699 0.017112
384.467 99.814 0.00725753 -0.00198165 0.00548988
208.349 288.363 0.0164406 -0.00677947 0.00905662
405.868 83.434 0.0151332 -0.000418731 0.00298862
234 291.5 0.017025 -0.00706608 0.00920013
388.1 68.7941 0.0570942 0.0728468 0.0940591
380.939 87.0122 0.03362 0.00519373 0.00918583
415.083 95.3667 0.0194019 0.00337056 0.00849805
386.276 117.173 0.0149284 0.00124547 0.0146278
331.265 100.775 0.0239187 -0.0154469 0.0179763
246.575 293.336 0.0185008 -0.00861378 0.0106915
366.92 104.4 0.0254205 -0.00658561 0.00995876
403.605 63.5526 0.0175263 -0.00286496 0.0200865
292.873 298.94 0.0169911 -0.00716208 0.00888764
400.689 72.3378 0.017313 -0.00442378 0.022132
351.218 165.232 0.0139751 0.000517289 0.00808979
269.417 293.183 0.0559224 -0.0231548 0.0123286
477.6 287.917 0.0469184 0.0589898 0.0768931
341.446 172.797 0.0134267 0.00066975 0.00777236
378.5 178.73 0.0133631 -0.000264567 0.00304492
333.138 179.734 0.0324214 0.000662842 0.00750064
474.7 285.009 0.0352497 0.0441364 0.0595478
359.84 159.6 0.018938 -0.00488054 0.0125529
305.355 300.37 0.0183591 -0.007172 0.00916635
387.377 193.08 0.0171419 -0.000231399 0.00495433
366.849 153.849 0.0158204 -0.00953059 0.0239802
328.409 202.985 0.0401521 0.00456855 0.0131738
373.516 203.094 0.00738572 0.00122922 0.00487327
361.045 212.879 0.00753915 0.00138123 0.00461799
331.537 214.963 0.00940207 -0.00271341 0.00559128
184.851 289.446 0.0457685 -0.0173399 0.0121963
377.188 162.219 0.0175486 -0.00484392 0.0286836
372.842 168.237 0.0177355 -0.00315188 0.0202639
387.724 213.171 0.0110264 0.00158997 0.00797666
348.447 222.831 0.00703761 0.00121633 0.00476121
371.28 221.9 0.0210826 0.0188253 0.0270837
391.762 223.91 0.00680828 0.00127099 0.00453626
392.56 222.209 0.00237642 -0.00146201 0.00190892
403.524 235.357 0.0192555 -0.00847449 0.017794
326.511 240.651 0.0144268 0.00124417 0.00449859
399.838 244.544 0.0118513 0.00249024 0.00894687
396.978 244.305 0.0036099 2.44917e-05 0.00602945
335.548 233.597 0.0155291 -0.0043647 0.0101025
335.582 233.908 0.00974631 -0.00260623 0.00653115
388.526 234.705 0.022821 -0.00961775 0.0187717
344.89 246.549 0.0103838 0.00182631 0.0072785
383.727 253.627 0.00644668 0.000678547 0.00398241
361.932 172.5 0.031898 0.0339083 0.0482754
349.122 182.392 0.0293291 0.0310045 0.0461698
336.449 192.09 0.0303468 0.0331667 0.0474976
358.44 231.9 0.0204542 0.0184546 0.0274202
348.794 257.234 0.00771291 0.00156214 0.00509921
319.067 266.44 0.0196533 0.00286244 0.00635372
392.959 205.824 0.0243097 -0.0102332 0.0194032
399.986 225.905 0.0425717 0.000212414 0.00889521
328.457 255.117 0.0230015 0.019132 0.0268326
371.047 263.405 0.00637006 0.000689891 0.00410872
323.121 279.729 0.00609998 -0.00138944 0.00459239
318.357 303.386 0.0740405 -0.0220535 0.0117224
392.476 243.646 0.0382391 0.00230863 0.00690883
356.808 277.667 0.0105482 0.00184158 0.00741415
340.929 287.164 0.00717174 0.000529943 0.00405866
357.183 258.841 0.0387042 -0.000621649 0.0075771
360.671 268.354 0.0204922 -0.00824182 0.0170519
345.474 267.859 0.02228 -0.00874183 0.0174205
349.064 277.372 0.0430295 -0.00105952 0.00770062
326.55 299.33 0.00918415 -0.0018452 0.00629802
